(N) 2018-03-11T16:36:29 - Options were saved successfully.
(I) 2018-03-11T16:36:29 - qBittorrent is successfully listening on interface :: port: TCP/8999
(I) 2018-03-11T16:36:29 - qBittorrent is successfully listening on interface 0.0.0.0 port: TCP/8999
(I) 2018-03-11T16:36:29 - qBittorrent is successfully listening on interface 0.0.0.0 port: UDP/8999
(N) 2018-03-11T16:36:29 - '[movcr.com] Phullu (2017) Hindi DVDRip - x264 - AAC -Esub - MovCr.mkv' resumed. (fast resume)
(N) 2018-03-11T16:36:29 - 'Phantom Thread 2018 720p BrRip x264 - LEGi0N' resumed. (fast resume)
(C) 2018-03-11T16:36:28 - IP filter line 2 is malformed.
(C) 2018-03-11T16:36:29 - IP filter line 236802 is malformed.
(C) 2018-03-11T16:36:29 - IP filter line 320106 is malformed.
(C) 2018-03-11T16:36:29 - IP filter line 338259 is malformed.
(I) 2018-03-11T16:36:29 - External IP: 207.38.145.228
(I) 2018-03-11T16:36:29 - UPnP/NAT-PMP: Port mapping successful, message: successfully mapped port using UPnP. external port: TCP/8999
(C) 2018-03-11T16:36:29 - IP filter line 386473 is malformed.
(I) 2018-03-11T16:36:29 - UPnP/NAT-PMP: Port mapping successful, message: successfully mapped port using UPnP. external port: UDP/8999
(C) 2018-03-11T16:36:29 - 13 extra IP filter parsing errors occurred.
(N) 2018-03-11T16:36:29 - Successfully parsed the provided IP filter: 1134506 rules were applied.
(I) 2018-03-11T16:36:30 - External IP: 198.211.97.30
(N) 2018-03-11T16:56:45 - 'Phantom Thread 2018 720p BrRip x264 - LEGi0N' was removed from the transfer list.
(N) 2018-03-11T17:06:06 - '[movcr.com] Phullu (2017) Hindi DVDRip - x264 - AAC -Esub - MovCr.mkv' was removed from the transfer list.
(I) 2018-03-11T17:06:09 - UPnP / NAT-PMP support [OFF]
(N) 2018-03-15T21:48:40 - qBittorrent v4.0.4 started
(I) 2018-03-15T21:48:40 - qBittorrent is trying to listen on any interface port: 8999
(N) 2018-03-15T21:48:40 - Peer ID: -qB4040-
(N) 2018-03-15T21:48:40 - HTTP User-Agent is 'qBittorrent/4.0.4'
(I) 2018-03-15T21:48:40 - DHT support [ON]
(I) 2018-03-15T21:48:40 - Local Peer Discovery support [ON]
(I) 2018-03-15T21:48:40 - PeX support [ON]
(I) 2018-03-15T21:48:40 - Anonymous mode [OFF]
(I) 2018-03-15T21:48:40 - Encryption support [FORCED]
(I) 2018-03-15T21:48:40 - Embedded Tracker [OFF]
(I) 2018-03-15T21:48:40 - UPnP / NAT-PMP support [ON]
(I) 2018-03-15T21:48:40 - GeoIP database loaded. Type: GeoLite2-Country. Build time: Wed Mar 7 20:03:13 2018.
(N) 2018-03-15T21:48:40 - Options were saved successfully.
(I) 2018-03-15T21:48:40 - qBittorrent is successfully listening on interface :: port: TCP/8999
(I) 2018-03-15T21:48:40 - qBittorrent is successfully listening on interface 0.0.0.0 port: TCP/8999
(I) 2018-03-15T21:48:40 - qBittorrent is successfully listening on interface 0.0.0.0 port: UDP/8999
(C) 2018-03-15T21:48:40 - IP filter line 2 is malformed.
(C) 2018-03-15T21:48:40 - IP filter line 236802 is malformed.
(C) 2018-03-15T21:48:40 - IP filter line 320106 is malformed.
(C) 2018-03-15T21:48:40 - IP filter line 338259 is malformed.
(C) 2018-03-15T21:48:40 - IP filter line 386473 is malformed.
(C) 2018-03-15T21:48:41 - 13 extra IP filter parsing errors occurred.
(N) 2018-03-15T21:48:41 - Successfully parsed the provided IP filter: 1134506 rules were applied.
(I) 2018-03-15T21:48:41 - External IP: 207.38.145.228
(I) 2018-03-15T21:48:41 - UPnP/NAT-PMP: Port mapping successful, message: successfully mapped port using UPnP. external port: TCP/8999
(I) 2018-03-15T21:48:41 - UPnP/NAT-PMP: Port mapping successful, message: successfully mapped port using UPnP. external port: UDP/8999
(N) 2018-03-15T21:48:42 - 'Vodka Diaries 2018 Hindi Movies HD TS x264 Clean Audio AAC New +' added to download list.
(I) 2018-03-15T21:48:54 - External IP: 198.211.97.30
(N) 2018-03-15T21:52:36 - qBittorrent v4.0.4 started
(N) 2018-03-15T21:52:39 - 'Phantom Thread 2018 720p BrRip x264 - BLOW' added to download list.
(N) 2018-03-15T21:53:17 - 'Phantom Thread 2018 720p BrRip x264 - BLOW' was removed from the transfer list and hard disk.
(N) 2018-03-15T21:55:54 - qBittorrent v4.0.4 started
(N) 2018-03-15T21:55:56 - 'Phantom Thread 2017 DVDSCR x264 AC3 TiTAN' added to download list.
(I) 2018-03-16T18:46:13 - System network status changed to OFFLINE
(I) 2018-03-16T18:46:17 - System network status changed to ONLINE
(I) 2018-03-16T18:51:24 - External IP: 207.38.145.228
(N) 2018-03-16T19:52:19 - 'Vodka Diaries 2018 Hindi Movies HD TS x264 Clean Audio AAC New Source with Sample ☻rDX☻' was removed from the transfer list.
(N) 2018-03-16T19:52:19 - 'Phantom Thread 2017 DVDSCR x264 AC3 TiTAN' was removed from the transfer list.
(I) 2018-03-16T19:52:23 - UPnP / NAT-PMP support [OFF]
(N) 2018-03-17T15:42:18 - qBittorrent v4.0.4 started
(I) 2018-03-17T15:42:18 - qBittorrent is trying to listen on any interface port: 8999
(N) 2018-03-17T15:42:18 - Peer ID: -qB4040-
(N) 2018-03-17T15:42:18 - HTTP User-Agent is 'qBittorrent/4.0.4'
(I) 2018-03-17T15:42:18 - DHT support [ON]
(I) 2018-03-17T15:42:18 - Local Peer Discovery support [ON]
(I) 2018-03-17T15:42:18 - PeX support [ON]
(I) 2018-03-17T15:42:18 - Anonymous mode [OFF]
(I) 2018-03-17T15:42:18 - Encryption support [FORCED]
(I) 2018-03-17T15:42:18 - Embedded Tracker [OFF]
(I) 2018-03-17T15:42:18 - UPnP / NAT-PMP support [ON]
(I) 2018-03-17T15:42:18 - GeoIP database loaded. Type: GeoLite2-Country. Build time: Wed Mar 7 20:03:13 2018.
(N) 2018-03-17T15:42:18 - Options were saved successfully.
(I) 2018-03-17T15:42:18 - qBittorrent is successfully listening on interface :: port: TCP/8999
(I) 2018-03-17T15:42:18 - qBittorrent is successfully listening on interface 0.0.0.0 port: TCP/8999
(I) 2018-03-17T15:42:18 - qBittorrent is successfully listening on interface 0.0.0.0 port: UDP/8999
(C) 2018-03-17T15:42:18 - IP filter line 2 is malformed.
(C) 2018-03-17T15:42:18 - IP filter line 236802 is malformed.
(I) 2018-03-17T15:42:18 - External IP: 207.38.145.228
(I) 2018-03-17T15:42:18 - UPnP/NAT-PMP: Port mapping successful, message: successfully mapped port using UPnP. external port: TCP/8999
(C) 2018-03-17T15:42:18 - IP filter line 320106 is malformed.
(C) 2018-03-17T15:42:18 - IP filter line 338259 is malformed.
(C) 2018-03-17T15:42:18 - IP filter line 386473 is malformed.
(I) 2018-03-17T15:42:18 - UPnP/NAT-PMP: Port mapping successful, message: successfully mapped port using UPnP. external port: UDP/8999
(C) 2018-03-17T15:42:19 - 13 extra IP filter parsing errors occurred.
(N) 2018-03-17T15:42:19 - Successfully parsed the provided IP filter: 1134506 rules were applied.
(I) 2018-03-17T15:42:20 - External IP: 198.211.97.30
(N) 2018-03-17T15:42:22 - 'Shab.2017.Hindi.DvDRip.720p.x264.AAC.5.1.-.Hon3y' added to download list.
(N) 2018-03-17T15:42:42 - qBittorrent v4.0.4 started
(N) 2018-03-17T15:42:45 - 'HDHub4u.Org - r@id-7.mkv' added to download list.
(N) 2018-03-17T15:44:14 - qBittorrent v4.0.4 started
(N) 2018-03-17T15:44:16 - 'Sat Shri Akaal England (2017) 1-3 Desi pDVD Rip - x264 AC3 5.1- DTOne Exclusive' added to download list.
(N) 2018-03-17T15:45:22 - qBittorrent v4.0.4 started
(N) 2018-03-17T15:45:24 - 'Tu Hai Mera Sunday (2017) Hindi 720p NF WEBHD ESub 1.6 GB [MoviezAddiction]' added to download list.
(N) 2018-03-17T15:45:38 - qBittorrent v4.0.4 started
(N) 2018-03-17T15:45:41 - 'Hdhub4u.org - W3lc0m3-t0-n3w-y0rk-7.mkv' added to download list.
(N) 2018-03-17T19:19:04 - 'HDHub4u.Org - r@id-7.mkv' was removed from the transfer list.
(N) 2018-03-17T19:19:04 - 'Hdhub4u.org - W3lc0m3-t0-n3w-y0rk-7.mkv' was removed from the transfer list.
(N) 2018-03-17T19:19:04 - 'Sat Shri Akaal England (2017) 1-3 Desi pDVD Rip - x264 AC3 5.1- DTOne Exclusive' was removed from the transfer list.
(N) 2018-03-17T19:19:04 - 'Shab.2017.Hindi.DvDRip.720p.x264.AAC.5.1.-.Hon3y' was removed from the transfer list.
(N) 2018-03-17T19:19:04 - 'Tu Hai Mera Sunday (2017) Hindi 720p NF WEBHD ESub 1.6 GB [MoviezAddiction]' was removed from the transfer list.
(I) 2018-03-17T19:19:06 - UPnP / NAT-PMP support [OFF]
(N) 2018-03-25T17:17:24 - qBittorrent v4.0.4 started
(I) 2018-03-25T17:17:24 - qBittorrent is trying to listen on any interface port: 8999
(N) 2018-03-25T17:17:24 - Peer ID: -qB4040-
(N) 2018-03-25T17:17:24 - HTTP User-Agent is 'qBittorrent/4.0.4'
(I) 2018-03-25T17:17:24 - DHT support [ON]
(I) 2018-03-25T17:17:24 - Local Peer Discovery support [ON]
(I) 2018-03-25T17:17:24 - PeX support [ON]
(I) 2018-03-25T17:17:24 - Anonymous mode [OFF]
(I) 2018-03-25T17:17:24 - Encryption support [FORCED]
(I) 2018-03-25T17:17:24 - Embedded Tracker [OFF]
(I) 2018-03-25T17:17:24 - UPnP / NAT-PMP support [ON]
(I) 2018-03-25T17:17:24 - GeoIP database loaded. Type: GeoLite2-Country. Build time: Wed Mar 7 20:03:13 2018.
(N) 2018-03-25T17:17:24 - Options were saved successfully.
(I) 2018-03-25T17:17:24 - qBittorrent is successfully listening on interface :: port: TCP/8999
(I) 2018-03-25T17:17:24 - qBittorrent is successfully listening on interface 0.0.0.0 port: TCP/8999
(I) 2018-03-25T17:17:24 - qBittorrent is successfully listening on interface 0.0.0.0 port: UDP/8999
(C) 2018-03-25T17:17:24 - IP filter line 2 is malformed.
(C) 2018-03-25T17:17:24 - IP filter line 236802 is malformed.
(C) 2018-03-25T17:17:24 - IP filter line 320106 is malformed.
(C) 2018-03-25T17:17:25 - IP filter line 338259 is malformed.
(C) 2018-03-25T17:17:25 - IP filter line 386473 is malformed.
(I) 2018-03-25T17:17:25 - External IP: 207.38.145.228
(I) 2018-03-25T17:17:25 - UPnP/NAT-PMP: Port mapping successful, message: successfully mapped port using UPnP. external port: TCP/8999
(I) 2018-03-25T17:17:25 - UPnP/NAT-PMP: Port mapping successful, message: successfully mapped port using UPnP. external port: UDP/8999
(C) 2018-03-25T17:17:25 - 13 extra IP filter parsing errors occurred.
(N) 2018-03-25T17:17:25 - Successfully parsed the provided IP filter: 1134506 rules were applied.
(I) 2018-03-25T17:17:25 - External IP: 198.211.97.30
(N) 2018-03-25T17:17:27 - '[MovCr.com] - Raid (2018) Hindi - 720p - PreDVDRip - x264 - 1.4GB - AAC - MovCr.mkv' added to download list.
(N) 2018-03-25T17:19:11 - qBittorrent v4.0.4 started
(N) 2018-03-25T17:19:15 - 'Vodka Diaries 2018 Hindi Movies HD TS x264 Clean Audio AAC New Source with Sample ☻rDX☻' added to download list.
(N) 2018-03-25T17:19:27 - 'Vodka Diaries 2018 Hindi Movies HD TS x264 Clean Audio AAC New Source with Sample ☻rDX☻' was removed from the transfer list and hard disk.
(N) 2018-03-25T17:32:39 - qBittorrent v4.0.4 started
(N) 2018-03-25T17:32:41 - 'Vodka Diaries 2018 Hindi Pre-DVDRip x264 AAC { TaRa }' added to download list.
(N) 2018-03-25T17:32:58 - qBittorrent v4.0.4 started
(N) 2018-03-25T17:33:00 - 'Vodka Diaries (2018) Hindi 1CD PRE x264 AAC - Downloadhub' added to download list.
(N) 2018-03-25T17:33:14 - '[MovCr.com] - Raid (2018) Hindi - 720p - PreDVDRip - x264 - 1.4GB - AAC - MovCr.mkv' was removed from the transfer list.
(I) 2018-03-25T17:34:24 - UPnP / NAT-PMP support [OFF]
(N) 2018-03-25T17:36:06 - qBittorrent v4.0.4 started
(I) 2018-03-25T17:36:06 - qBittorrent is trying to listen on any interface port: 8999
(N) 2018-03-25T17:36:06 - Peer ID: -qB4040-
(N) 2018-03-25T17:36:06 - HTTP User-Agent is 'qBittorrent/4.0.4'
(I) 2018-03-25T17:36:06 - DHT support [ON]
(I) 2018-03-25T17:36:06 - Local Peer Discovery support [ON]
(I) 2018-03-25T17:36:06 - PeX support [ON]
(I) 2018-03-25T17:36:06 - Anonymous mode [OFF]
(I) 2018-03-25T17:36:06 - Encryption support [FORCED]
(I) 2018-03-25T17:36:06 - Embedded Tracker [OFF]
(I) 2018-03-25T17:36:06 - UPnP / NAT-PMP support [ON]
(I) 2018-03-25T17:36:06 - GeoIP database loaded. Type: GeoLite2-Country. Build time: Wed Mar 7 20:03:13 2018.
(N) 2018-03-25T17:36:06 - Options were saved successfully.
(I) 2018-03-25T17:36:06 - qBittorrent is successfully listening on interface :: port: TCP/8999
(I) 2018-03-25T17:36:06 - qBittorrent is successfully listening on interface 0.0.0.0 port: TCP/8999
(I) 2018-03-25T17:36:06 - qBittorrent is successfully listening on interface 0.0.0.0 port: UDP/8999
(N) 2018-03-25T17:36:06 - 'Vodka Diaries 2018 Hindi Pre-DVDRip x264 AAC { TaRa }' resumed. (fast resume)
(N) 2018-03-25T17:36:06 - 'Vodka Diaries (2018) Hindi 1CD PRE x264 AAC - Downloadhub' resumed. (fast resume)
(C) 2018-03-25T17:36:06 - IP filter line 2 is malformed.
(C) 2018-03-25T17:36:06 - IP filter line 236802 is malformed.
(C) 2018-03-25T17:36:06 - IP filter line 320106 is malformed.
(C) 2018-03-25T17:36:06 - IP filter line 338259 is malformed.
(I) 2018-03-25T17:36:06 - External IP: 207.38.145.228
(I) 2018-03-25T17:36:06 - UPnP/NAT-PMP: Port mapping successful, message: successfully mapped port using UPnP. external port: TCP/8999
(C) 2018-03-25T17:36:06 - IP filter line 386473 is malformed.
(I) 2018-03-25T17:36:06 - UPnP/NAT-PMP: Port mapping successful, message: successfully mapped port using UPnP. external port: UDP/8999
(C) 2018-03-25T17:36:07 - 13 extra IP filter parsing errors occurred.
(N) 2018-03-25T17:36:07 - Successfully parsed the provided IP filter: 1134506 rules were applied.
(I) 2018-03-25T17:36:08 - External IP: 198.211.97.30
(C) 2018-03-25T19:34:49 - 'Vodka Diaries (2018) Hindi 1CD PRE x264 AAC - Downloadhub' was removed from the transfer list but the files couldn't be deleted. Error: Success
(N) 2018-03-25T19:34:49 - 'Vodka Diaries 2018 Hindi Pre-DVDRip x264 AAC { TaRa }' was removed from the transfer list and hard disk.
(I) 2018-03-25T19:34:50 - UPnP / NAT-PMP support [OFF]
(N) 2018-03-25T20:43:41 - qBittorrent v4.0.4 started
(I) 2018-03-25T20:43:41 - qBittorrent is trying to listen on any interface port: 8999
(N) 2018-03-25T20:43:41 - Peer ID: -qB4040-
(N) 2018-03-25T20:43:41 - HTTP User-Agent is 'qBittorrent/4.0.4'
(I) 2018-03-25T20:43:41 - DHT support [ON]
(I) 2018-03-25T20:43:41 - Local Peer Discovery support [ON]
(I) 2018-03-25T20:43:41 - PeX support [ON]
(I) 2018-03-25T20:43:41 - Anonymous mode [OFF]
(I) 2018-03-25T20:43:41 - Encryption support [FORCED]
(I) 2018-03-25T20:43:41 - Embedded Tracker [OFF]
(I) 2018-03-25T20:43:41 - UPnP / NAT-PMP support [ON]
(I) 2018-03-25T20:43:41 - GeoIP database loaded. Type: GeoLite2-Country. Build time: Wed Mar 7 20:03:13 2018.
(N) 2018-03-25T20:43:41 - Options were saved successfully.
(I) 2018-03-25T20:43:41 - qBittorrent is successfully listening on interface :: port: TCP/8999
(I) 2018-03-25T20:43:41 - qBittorrent is successfully listening on interface 0.0.0.0 port: TCP/8999
(I) 2018-03-25T20:43:41 - qBittorrent is successfully listening on interface 0.0.0.0 port: UDP/8999
(C) 2018-03-25T20:43:41 - IP filter line 2 is malformed.
(C) 2018-03-25T20:43:41 - IP filter line 236802 is malformed.
(C) 2018-03-25T20:43:41 - IP filter line 320106 is malformed.
(C) 2018-03-25T20:43:41 - IP filter line 338259 is malformed.
(C) 2018-03-25T20:43:42 - IP filter line 386473 is malformed.
(I) 2018-03-25T20:43:42 - External IP: 207.38.145.228
(I) 2018-03-25T20:43:42 - UPnP/NAT-PMP: Port mapping successful, message: successfully mapped port using UPnP. external port: TCP/8999
(I) 2018-03-25T20:43:42 - UPnP/NAT-PMP: Port mapping successful, message: successfully mapped port using UPnP. external port: UDP/8999
(C) 2018-03-25T20:43:42 - 13 extra IP filter parsing errors occurred.
(N) 2018-03-25T20:43:42 - Successfully parsed the provided IP filter: 1134506 rules were applied.
(I) 2018-03-25T20:43:43 - External IP: 198.211.97.30
(N) 2018-03-25T20:43:48 - 'Maze Runner The Death Cure 2018 HDTC-720P-X264-MP3-Cr@zyTribal' added to download list.
(N) 2018-03-25T20:47:57 - qBittorrent v4.0.4 started
(N) 2018-03-25T20:47:59 - 'The Commuter 2018 720p NEW HD-TS X264-CPG' added to download list.
(N) 2018-03-25T20:57:09 - 'Maze Runner The Death Cure 2018 HDTC-720P-X264-MP3-Cr@zyTribal' was removed from the transfer list.
(N) 2018-03-25T21:00:39 - 'The Commuter 2018 720p NEW HD-TS X264-CPG' was removed from the transfer list.
(I) 2018-03-25T21:00:40 - UPnP / NAT-PMP support [OFF]
